c:\users\master\source\repos\mydsproject\debug\mydsproject.pch
c:\users\master\source\repos\mydsproject\debug\vc142.pdb
c:\users\master\source\repos\mydsproject\debug\pch.obj
c:\users\master\source\repos\mydsproject\debug\form1.obj
c:\users\master\source\repos\mydsproject\debug\cppclr_winformsprojekt.obj
c:\users\master\source\repos\mydsproject\debug\assemblyinfo.obj
c:\users\master\source\repos\mydsproject\debug\.netframework,version=v4.7.2.assemblyattributes.obj
c:\users\master\source\repos\mydsproject\debug\mydsproject.exe
c:\users\master\source\repos\mydsproject\debug\mydsproject.pdb
c:\users\master\source\repos\mydsproject\debug\mydsproject.form1.resources
c:\users\master\source\repos\mydsproject\debug\app.res
c:\users\master\source\repos\mydsproject\debug\mydsproject.exe.metagen
c:\users\master\source\repos\mydsproject\debug\mydsproject.tlog\cl.command.1.tlog
c:\users\master\source\repos\mydsproject\debug\mydsproject.tlog\cl.read.1.tlog
c:\users\master\source\repos\mydsproject\debug\mydsproject.tlog\cl.write.1.tlog
c:\users\master\source\repos\mydsproject\debug\mydsproject.tlog\link.command.1.tlog
c:\users\master\source\repos\mydsproject\debug\mydsproject.tlog\link.read.1.tlog
c:\users\master\source\repos\mydsproject\debug\mydsproject.tlog\link.write.1.tlog
c:\users\master\source\repos\mydsproject\debug\mydsproject.tlog\metagen.read.1.tlog
c:\users\master\source\repos\mydsproject\debug\mydsproject.tlog\metagen.write.1.tlog
c:\users\master\source\repos\mydsproject\debug\mydsproject.tlog\mydsproject.write.1u.tlog
c:\users\master\source\repos\mydsproject\debug\mydsproject.tlog\rc.command.1.tlog
c:\users\master\source\repos\mydsproject\debug\mydsproject.tlog\rc.read.1.tlog
c:\users\master\source\repos\mydsproject\debug\mydsproject.tlog\rc.write.1.tlog
